2025-05-23T11:53:22.989-06:00  INFO 10220 --- [coffee-shop] [main] c.c.s.controller.CoffeeControllerTest    : Starting CoffeeControllerTest using Java 22.0.2 with PID 10220 (started by Ruben in C:\Users\Ruben\Documents\VSCode\coffee-shop)
2025-05-23T11:53:23.016-06:00  INFO 10220 --- [coffee-shop] [main] c.c.s.controller.CoffeeControllerTest    : No active profile set, falling back to 1 default profile: "default"
2025-05-23T11:53:36.947-06:00  INFO 10220 --- [coffee-shop] [main] .s.d.r.c.RepositoryConfigurationDelegate : Multiple Spring Data modules found, entering strict repository configuration mode
2025-05-23T11:53:36.959-06:00  INFO 10220 --- [coffee-shop] [main] .s.d.r.c.RepositoryConfigurationDelegate : Bootstrapping Spring Data JPA repositories in DEFAULT mode.
2025-05-23T11:53:38.138-06:00  INFO 10220 --- [coffee-shop] [main] .s.d.r.c.RepositoryConfigurationDelegate : Finished Spring Data repository scanning in 1106 ms. Found 1 JPA repository interface.
2025-05-23T11:53:38.356-06:00  INFO 10220 --- [coffee-shop] [main] .s.d.r.c.RepositoryConfigurationDelegate : Multiple Spring Data modules found, entering strict repository configuration mode
2025-05-23T11:53:38.384-06:00  INFO 10220 --- [coffee-shop] [main] .s.d.r.c.RepositoryConfigurationDelegate : Bootstrapping Spring Data Redis repositories in DEFAULT mode.
2025-05-23T11:53:38.561-06:00  INFO 10220 --- [coffee-shop] [main] .RepositoryConfigurationExtensionSupport : Spring Data Redis - Could not safely identify store assignment for repository candidate interface com.coffee.shop.repository.CoffeeRepository; If you want this repository to be a Redis repository, consider annotating your entities with one of these annotations: org.springframework.data.redis.core.RedisHash (preferred), or consider extending one of the following types with your repository: org.springframework.data.keyvalue.repository.KeyValueRepository
2025-05-23T11:53:38.563-06:00  INFO 10220 --- [coffee-shop] [main] .s.d.r.c.RepositoryConfigurationDelegate : Finished Spring Data repository scanning in 75 ms. Found 0 Redis repository interfaces.
2025-05-23T11:53:43.864-06:00  INFO 10220 --- [coffee-shop] [main] o.hibernate.jpa.internal.util.LogHelper  : HHH000204: Processing PersistenceUnitInfo [name: default]
2025-05-23T11:53:44.408-06:00  INFO 10220 --- [coffee-shop] [main] org.hibernate.Version                    : HHH000412: Hibernate ORM core version 6.6.13.Final
2025-05-23T11:53:44.627-06:00  INFO 10220 --- [coffee-shop] [main] o.h.c.internal.RegionFactoryInitiator    : HHH000026: Second-level cache disabled
2025-05-23T11:53:46.275-06:00  INFO 10220 --- [coffee-shop] [main] o.s.o.j.p.SpringPersistenceUnitInfo      : No LoadTimeWeaver setup: ignoring JPA class transformer
2025-05-23T11:53:46.508-06:00  INFO 10220 --- [coffee-shop] [main] com.zaxxer.hikari.HikariDataSource       : HikariPool-1 - Starting...
2025-05-23T11:54:04.023-06:00  INFO 10220 --- [coffee-shop] [main] com.zaxxer.hikari.pool.HikariPool        : HikariPool-1 - Added connection com.mysql.cj.jdbc.ConnectionImpl@3b3f62d7
2025-05-23T11:54:04.028-06:00  INFO 10220 --- [coffee-shop] [main] com.zaxxer.hikari.HikariDataSource       : HikariPool-1 - Start completed.
2025-05-23T11:54:06.519-06:00  WARN 10220 --- [coffee-shop] [main] org.hibernate.orm.deprecation            : HHH90000025: MySQLDialect does not need to be specified explicitly using 'hibernate.dialect' (remove the property setting and it will be selected by default)
2025-05-23T11:54:06.649-06:00  INFO 10220 --- [coffee-shop] [main] org.hibernate.orm.connections.pooling    : HHH10001005: Database info:
	Database JDBC URL [Connecting through datasource 'HikariDataSource (HikariPool-1)']
	Database driver: undefined/unknown
	Database version: 8.0.39
	Autocommit mode: undefined/unknown
	Isolation level: undefined/unknown
	Minimum pool size: undefined/unknown
	Maximum pool size: undefined/unknown
2025-05-23T11:54:09.818-06:00  INFO 10220 --- [coffee-shop] [main] o.h.e.t.j.p.i.JtaPlatformInitiator       : HHH000489: No JTA platform available (set 'hibernate.transaction.jta.platform' to enable JTA platform integration)
2025-05-23T11:54:13.011-06:00  INFO 10220 --- [coffee-shop] [main] j.LocalContainerEntityManagerFactoryBean : Initialized JPA EntityManagerFactory for persistence unit 'default'
2025-05-23T11:54:19.664-06:00  WARN 10220 --- [coffee-shop] [main] JpaBaseConfiguration$JpaWebConfiguration : spring.jpa.open-in-view is enabled by default. Therefore, database queries may be performed during view rendering. Explicitly configure spring.jpa.open-in-view to disable this warning
2025-05-23T11:54:27.787-06:00  INFO 10220 --- [coffee-shop] [main] o.s.b.t.m.w.SpringBootMockServletContext : Initializing Spring TestDispatcherServlet ''
2025-05-23T11:54:27.789-06:00  INFO 10220 --- [coffee-shop] [main] o.s.t.web.servlet.TestDispatcherServlet  : Initializing Servlet ''
2025-05-23T11:54:27.831-06:00  INFO 10220 --- [coffee-shop] [main] o.s.b.a.e.web.EndpointLinksResolver      : Exposing 15 endpoints beneath base path '/actuator'
2025-05-23T11:54:28.015-06:00  INFO 10220 --- [coffee-shop] [main] o.s.t.web.servlet.TestDispatcherServlet  : Completed initialization in 226 ms
2025-05-23T11:54:28.597-06:00  INFO 10220 --- [coffee-shop] [main] c.c.s.controller.CoffeeControllerTest    : Started CoffeeControllerTest in 69.462 seconds (process running for 77.192)
2025-05-23T11:54:36.883-06:00  WARN 10220 --- [coffee-shop] [main] com.coffee.shop.service.CoffeeService    : Clearing coffees cache
2025-05-23T11:54:40.235-06:00 DEBUG 10220 --- [coffee-shop] [main] org.hibernate.SQL                        : 
    /* insert for
        com.coffee.shop.model.Coffee */insert 
    into
        coffee (description, name, price) 
    values
        (?, ?, ?)
2025-05-23T11:54:45.671-06:00  INFO 10220 --- [coffee-shop] [main] com.coffee.shop.service.CoffeeService    : Updating coffee with id: 9
2025-05-23T11:54:48.443-06:00 DEBUG 10220 --- [coffee-shop] [main] org.hibernate.SQL                        : 
    /* select
        count(*) 
    from
        Coffee x 
    WHERE
        x.id = :id */ select
            count(*) 
        from
            coffee c1_0 
        where
            c1_0.id=?
2025-05-23T11:54:48.819-06:00 DEBUG 10220 --- [coffee-shop] [main] org.hibernate.SQL                        : 
    /* insert for
        com.coffee.shop.model.Coffee */insert 
    into
        coffee (description, name, price) 
    values
        (?, ?, ?)
2025-05-23T11:54:49.112-06:00 DEBUG 10220 --- [coffee-shop] [main] org.hibernate.SQL                        : 
    /* insert for
        com.coffee.shop.model.Coffee */insert 
    into
        coffee (description, name, price) 
    values
        (?, ?, ?)
2025-05-23T11:54:49.139-06:00  INFO 10220 --- [coffee-shop] [main] com.coffee.shop.service.CoffeeService    : Deleting coffee with id: 11
2025-05-23T11:54:49.650-06:00  INFO 10220 --- [coffee-shop] [main] com.coffee.shop.service.CoffeeService    : Creating new coffee: CoffeeRequest[name=Mocha, description=Chocolate and coffee, price=-1.0]
2025-05-23T11:54:49.660-06:00 DEBUG 10220 --- [coffee-shop] [main] org.hibernate.SQL                        : 
    /* insert for
        com.coffee.shop.model.Coffee */insert 
    into
        coffee (description, name, price) 
    values
        (?, ?, ?)
2025-05-23T11:54:49.980-06:00  INFO 10220 --- [coffee-shop] [main] com.coffee.shop.service.CoffeeService    : Clearing all coffees cache
2025-05-23T11:54:50.017-06:00 DEBUG 10220 --- [coffee-shop] [main] org.hibernate.SQL                        : 
    /* insert for
        com.coffee.shop.model.Coffee */insert 
    into
        coffee (description, name, price) 
    values
        (?, ?, ?)
2025-05-23T11:54:50.171-06:00  INFO 10220 --- [coffee-shop] [main] com.coffee.shop.service.CoffeeService    : Creating new coffee: CoffeeRequest[name=Latte, description=Espresso with steamed milk, price=3.5]
2025-05-23T11:54:50.173-06:00 DEBUG 10220 --- [coffee-shop] [main] org.hibernate.SQL                        : 
    /* insert for
        com.coffee.shop.model.Coffee */insert 
    into
        coffee (description, name, price) 
    values
        (?, ?, ?)
2025-05-23T11:54:53.603-06:00  INFO 10220 --- [coffee-shop] [main] com.coffee.shop.service.CoffeeService    : Updating coffee with id: 1
2025-05-23T11:54:53.623-06:00 ERROR 10220 --- [coffee-shop] [main] com.coffee.shop.service.CoffeeService    : Coffee not found with ID: 1
2025-05-23T11:54:53.845-06:00  INFO 10220 --- [coffee-shop] [main] com.coffee.shop.service.CoffeeService    : Fetching coffee with id: 1
2025-05-23T11:54:53.998-06:00  INFO 10220 --- [coffee-shop] [main] com.coffee.shop.service.CoffeeService    : Updating coffee with id: 1
2025-05-23T11:54:54.050-06:00  INFO 10220 --- [coffee-shop] [main] com.coffee.shop.service.CoffeeService    : Creating new coffee: CoffeeRequest[name=null, description=null, price=0.0]
2025-05-23T11:54:54.194-06:00  INFO 10220 --- [coffee-shop] [main] com.coffee.shop.service.CoffeeService    : Deleting coffee with id: 1
2025-05-23T11:54:54.335-06:00  INFO 10220 --- [coffee-shop] [main] com.coffee.shop.service.CoffeeService    : Clearing all coffees cache
2025-05-23T11:54:54.422-06:00  WARN 10220 --- [coffee-shop] [main] com.coffee.shop.service.CoffeeService    : Clearing coffees cache
2025-05-23T11:54:54.452-06:00  INFO 10220 --- [coffee-shop] [main] com.coffee.shop.service.CoffeeService    : Fetching coffee with id: 1
2025-05-23T11:54:54.465-06:00 ERROR 10220 --- [coffee-shop] [main] com.coffee.shop.service.CoffeeService    : Coffee not found with ID: 1
2025-05-23T11:54:54.503-06:00  INFO 10220 --- [coffee-shop] [main] com.coffee.shop.service.CoffeeService    : Deleting coffee with id: 1
2025-05-23T11:54:54.524-06:00 ERROR 10220 --- [coffee-shop] [main] com.coffee.shop.service.CoffeeService    : Coffee not found with ID: 1
2025-05-23T11:54:54.584-06:00  INFO 10220 --- [coffee-shop] [main] com.coffee.shop.service.CoffeeService    : Fetching all coffees from the database
2025-05-23T11:54:55.291-06:00  INFO 10220 --- [coffee-shop] [SpringApplicationShutdownHook] j.LocalContainerEntityManagerFactoryBean : Closing JPA EntityManagerFactory for persistence unit 'default'
2025-05-23T11:54:55.369-06:00  INFO 10220 --- [coffee-shop] [SpringApplicationShutdownHook] com.zaxxer.hikari.HikariDataSource       : HikariPool-1 - Shutdown initiated...
2025-05-23T11:54:55.622-06:00  INFO 10220 --- [coffee-shop] [SpringApplicationShutdownHook] com.zaxxer.hikari.HikariDataSource       : HikariPool-1 - Shutdown completed.
2025-05-23T12:00:20.251-06:00  INFO 8220 --- [coffee-shop] [main] c.c.s.controller.CoffeeControllerTest    : Starting CoffeeControllerTest using Java 22.0.2 with PID 8220 (started by Ruben in C:\Users\Ruben\Documents\VSCode\coffee-shop)
2025-05-23T12:00:20.268-06:00  INFO 8220 --- [coffee-shop] [main] c.c.s.controller.CoffeeControllerTest    : No active profile set, falling back to 1 default profile: "default"
2025-05-23T12:00:28.130-06:00  INFO 8220 --- [coffee-shop] [main] .s.d.r.c.RepositoryConfigurationDelegate : Multiple Spring Data modules found, entering strict repository configuration mode
2025-05-23T12:00:28.176-06:00  INFO 8220 --- [coffee-shop] [main] .s.d.r.c.RepositoryConfigurationDelegate : Bootstrapping Spring Data JPA repositories in DEFAULT mode.
2025-05-23T12:00:29.155-06:00  INFO 8220 --- [coffee-shop] [main] .s.d.r.c.RepositoryConfigurationDelegate : Finished Spring Data repository scanning in 918 ms. Found 1 JPA repository interface.
2025-05-23T12:00:29.252-06:00  INFO 8220 --- [coffee-shop] [main] .s.d.r.c.RepositoryConfigurationDelegate : Multiple Spring Data modules found, entering strict repository configuration mode
2025-05-23T12:00:29.258-06:00  INFO 8220 --- [coffee-shop] [main] .s.d.r.c.RepositoryConfigurationDelegate : Bootstrapping Spring Data Redis repositories in DEFAULT mode.
2025-05-23T12:00:29.423-06:00  INFO 8220 --- [coffee-shop] [main] .RepositoryConfigurationExtensionSupport : Spring Data Redis - Could not safely identify store assignment for repository candidate interface com.coffee.shop.repository.CoffeeRepository; If you want this repository to be a Redis repository, consider annotating your entities with one of these annotations: org.springframework.data.redis.core.RedisHash (preferred), or consider extending one of the following types with your repository: org.springframework.data.keyvalue.repository.KeyValueRepository
2025-05-23T12:00:29.425-06:00  INFO 8220 --- [coffee-shop] [main] .s.d.r.c.RepositoryConfigurationDelegate : Finished Spring Data repository scanning in 100 ms. Found 0 Redis repository interfaces.
2025-05-23T12:00:37.535-06:00  INFO 8220 --- [coffee-shop] [main] o.hibernate.jpa.internal.util.LogHelper  : HHH000204: Processing PersistenceUnitInfo [name: default]
2025-05-23T12:00:37.941-06:00  INFO 8220 --- [coffee-shop] [main] org.hibernate.Version                    : HHH000412: Hibernate ORM core version 6.6.13.Final
2025-05-23T12:00:38.169-06:00  INFO 8220 --- [coffee-shop] [main] o.h.c.internal.RegionFactoryInitiator    : HHH000026: Second-level cache disabled
2025-05-23T12:00:39.995-06:00  INFO 8220 --- [coffee-shop] [main] o.s.o.j.p.SpringPersistenceUnitInfo      : No LoadTimeWeaver setup: ignoring JPA class transformer
2025-05-23T12:00:40.274-06:00  INFO 8220 --- [coffee-shop] [main] com.zaxxer.hikari.HikariDataSource       : HikariPool-1 - Starting...
2025-05-23T12:00:43.228-06:00  INFO 8220 --- [coffee-shop] [main] com.zaxxer.hikari.pool.HikariPool        : HikariPool-1 - Added connection com.mysql.cj.jdbc.ConnectionImpl@28e8dee7
2025-05-23T12:00:43.235-06:00  INFO 8220 --- [coffee-shop] [main] com.zaxxer.hikari.HikariDataSource       : HikariPool-1 - Start completed.
2025-05-23T12:00:44.079-06:00  WARN 8220 --- [coffee-shop] [main] org.hibernate.orm.deprecation            : HHH90000025: MySQLDialect does not need to be specified explicitly using 'hibernate.dialect' (remove the property setting and it will be selected by default)
2025-05-23T12:00:44.300-06:00  INFO 8220 --- [coffee-shop] [main] org.hibernate.orm.connections.pooling    : HHH10001005: Database info:
	Database JDBC URL [Connecting through datasource 'HikariDataSource (HikariPool-1)']
	Database driver: undefined/unknown
	Database version: 8.0.39
	Autocommit mode: undefined/unknown
	Isolation level: undefined/unknown
	Minimum pool size: undefined/unknown
	Maximum pool size: undefined/unknown
2025-05-23T12:00:53.998-06:00  INFO 8220 --- [coffee-shop] [main] o.h.e.t.j.p.i.JtaPlatformInitiator       : HHH000489: No JTA platform available (set 'hibernate.transaction.jta.platform' to enable JTA platform integration)
2025-05-23T12:00:54.231-06:00  INFO 8220 --- [coffee-shop] [main] j.LocalContainerEntityManagerFactoryBean : Initialized JPA EntityManagerFactory for persistence unit 'default'
2025-05-23T12:01:02.935-06:00  WARN 8220 --- [coffee-shop] [main] JpaBaseConfiguration$JpaWebConfiguration : spring.jpa.open-in-view is enabled by default. Therefore, database queries may be performed during view rendering. Explicitly configure spring.jpa.open-in-view to disable this warning
2025-05-23T12:01:20.076-06:00  INFO 8220 --- [coffee-shop] [main] o.s.b.t.m.w.SpringBootMockServletContext : Initializing Spring TestDispatcherServlet ''
2025-05-23T12:01:20.078-06:00  INFO 8220 --- [coffee-shop] [main] o.s.t.web.servlet.TestDispatcherServlet  : Initializing Servlet ''
2025-05-23T12:01:20.117-06:00  INFO 8220 --- [coffee-shop] [main] o.s.b.a.e.web.EndpointLinksResolver      : Exposing 15 endpoints beneath base path '/actuator'
2025-05-23T12:01:20.302-06:00  INFO 8220 --- [coffee-shop] [main] o.s.t.web.servlet.TestDispatcherServlet  : Completed initialization in 224 ms
2025-05-23T12:01:21.632-06:00  INFO 8220 --- [coffee-shop] [main] c.c.s.controller.CoffeeControllerTest    : Started CoffeeControllerTest in 63.674 seconds (process running for 74.252)
2025-05-23T12:01:28.729-06:00  WARN 8220 --- [coffee-shop] [main] com.coffee.shop.service.CoffeeService    : Clearing coffees cache
2025-05-23T12:01:40.279-06:00 DEBUG 8220 --- [coffee-shop] [main] org.hibernate.SQL                        : 
    /* insert for
        com.coffee.shop.model.Coffee */insert 
    into
        coffee (description, name, price) 
    values
        (?, ?, ?)
2025-05-23T12:01:41.313-06:00  INFO 8220 --- [coffee-shop] [main] com.coffee.shop.service.CoffeeService    : Updating coffee with id: 15
2025-05-23T12:01:46.478-06:00 DEBUG 8220 --- [coffee-shop] [main] org.hibernate.SQL                        : 
    /* select
        count(*) 
    from
        Coffee x 
    WHERE
        x.id = :id */ select
            count(*) 
        from
            coffee c1_0 
        where
            c1_0.id=?
2025-05-23T12:01:47.005-06:00 DEBUG 8220 --- [coffee-shop] [main] org.hibernate.SQL                        : 
    /* insert for
        com.coffee.shop.model.Coffee */insert 
    into
        coffee (description, name, price) 
    values
        (?, ?, ?)
2025-05-23T12:01:47.094-06:00  INFO 8220 --- [coffee-shop] [main] com.coffee.shop.service.CoffeeService    : Fetching all coffees from the database
2025-05-23T12:01:47.148-06:00 DEBUG 8220 --- [coffee-shop] [main] org.hibernate.SQL                        : 
    /* <criteria> */ select
        c1_0.id,
        c1_0.description,
        c1_0.name,
        c1_0.price 
    from
        coffee c1_0
2025-05-23T12:01:48.434-06:00 DEBUG 8220 --- [coffee-shop] [main] org.hibernate.SQL                        : 
    /* insert for
        com.coffee.shop.model.Coffee */insert 
    into
        coffee (description, name, price) 
    values
        (?, ?, ?)
2025-05-23T12:01:48.449-06:00  INFO 8220 --- [coffee-shop] [main] com.coffee.shop.service.CoffeeService    : Deleting coffee with id: 17
2025-05-23T12:01:48.497-06:00  INFO 8220 --- [coffee-shop] [main] com.coffee.shop.service.CoffeeService    : Fetching coffee with id: 17
2025-05-23T12:01:48.501-06:00 ERROR 8220 --- [coffee-shop] [main] com.coffee.shop.service.CoffeeService    : Coffee not found with ID: 17
2025-05-23T12:01:48.577-06:00  INFO 8220 --- [coffee-shop] [main] com.coffee.shop.service.CoffeeService    : Fetching coffee with id: 99999
2025-05-23T12:01:48.581-06:00 DEBUG 8220 --- [coffee-shop] [main] org.hibernate.SQL                        : 
    select
        c1_0.id,
        c1_0.description,
        c1_0.name,
        c1_0.price 
    from
        coffee c1_0 
    where
        c1_0.id=?
2025-05-23T12:01:48.621-06:00 ERROR 8220 --- [coffee-shop] [main] com.coffee.shop.service.CoffeeService    : Coffee not found with ID: 99999
2025-05-23T12:01:48.690-06:00  INFO 8220 --- [coffee-shop] [main] com.coffee.shop.service.CoffeeService    : Creating new coffee: CoffeeRequest[name=Mocha, description=Chocolate and coffee, price=-1.0]
2025-05-23T12:01:48.697-06:00 DEBUG 8220 --- [coffee-shop] [main] org.hibernate.SQL                        : 
    /* insert for
        com.coffee.shop.model.Coffee */insert 
    into
        coffee (description, name, price) 
    values
        (?, ?, ?)
2025-05-23T12:01:48.854-06:00  INFO 8220 --- [coffee-shop] [main] com.coffee.shop.service.CoffeeService    : Clearing all coffees cache
2025-05-23T12:01:48.884-06:00 DEBUG 8220 --- [coffee-shop] [main] org.hibernate.SQL                        : 
    /* insert for
        com.coffee.shop.model.Coffee */insert 
    into
        coffee (description, name, price) 
    values
        (?, ?, ?)
2025-05-23T12:01:48.898-06:00  INFO 8220 --- [coffee-shop] [main] com.coffee.shop.service.CoffeeService    : Fetching coffee with id: 19
2025-05-23T12:01:49.110-06:00  INFO 8220 --- [coffee-shop] [main] com.coffee.shop.service.CoffeeService    : Creating new coffee: CoffeeRequest[name=Latte, description=Espresso with steamed milk, price=3.5]
2025-05-23T12:01:49.111-06:00 DEBUG 8220 --- [coffee-shop] [main] org.hibernate.SQL                        : 
    /* insert for
        com.coffee.shop.model.Coffee */insert 
    into
        coffee (description, name, price) 
    values
        (?, ?, ?)
2025-05-23T12:01:51.644-06:00  INFO 8220 --- [coffee-shop] [main] com.coffee.shop.service.CoffeeService    : Updating coffee with id: 1
2025-05-23T12:01:51.709-06:00 ERROR 8220 --- [coffee-shop] [main] com.coffee.shop.service.CoffeeService    : Coffee not found with ID: 1
2025-05-23T12:01:52.045-06:00  INFO 8220 --- [coffee-shop] [main] com.coffee.shop.service.CoffeeService    : Fetching coffee with id: 1
2025-05-23T12:01:52.155-06:00  INFO 8220 --- [coffee-shop] [main] com.coffee.shop.service.CoffeeService    : Updating coffee with id: 1
2025-05-23T12:01:52.239-06:00  INFO 8220 --- [coffee-shop] [main] com.coffee.shop.service.CoffeeService    : Creating new coffee: CoffeeRequest[name=null, description=null, price=0.0]
2025-05-23T12:01:52.293-06:00  INFO 8220 --- [coffee-shop] [main] com.coffee.shop.service.CoffeeService    : Deleting coffee with id: 1
2025-05-23T12:01:52.530-06:00  INFO 8220 --- [coffee-shop] [main] com.coffee.shop.service.CoffeeService    : Clearing all coffees cache
2025-05-23T12:01:52.578-06:00  WARN 8220 --- [coffee-shop] [main] com.coffee.shop.service.CoffeeService    : Clearing coffees cache
2025-05-23T12:01:52.605-06:00  INFO 8220 --- [coffee-shop] [main] com.coffee.shop.service.CoffeeService    : Fetching coffee with id: 1
2025-05-23T12:01:52.607-06:00 ERROR 8220 --- [coffee-shop] [main] com.coffee.shop.service.CoffeeService    : Coffee not found with ID: 1
2025-05-23T12:01:52.685-06:00  INFO 8220 --- [coffee-shop] [main] com.coffee.shop.service.CoffeeService    : Deleting coffee with id: 1
2025-05-23T12:01:52.689-06:00 ERROR 8220 --- [coffee-shop] [main] com.coffee.shop.service.CoffeeService    : Coffee not found with ID: 1
2025-05-23T12:01:52.761-06:00  INFO 8220 --- [coffee-shop] [main] com.coffee.shop.service.CoffeeService    : Fetching all coffees from the database
2025-05-23T12:01:53.337-06:00  INFO 8220 --- [coffee-shop] [SpringApplicationShutdownHook] j.LocalContainerEntityManagerFactoryBean : Closing JPA EntityManagerFactory for persistence unit 'default'
2025-05-23T12:01:53.423-06:00  INFO 8220 --- [coffee-shop] [SpringApplicationShutdownHook] com.zaxxer.hikari.HikariDataSource       : HikariPool-1 - Shutdown initiated...
2025-05-23T12:01:53.534-06:00  INFO 8220 --- [coffee-shop] [SpringApplicationShutdownHook] com.zaxxer.hikari.HikariDataSource       : HikariPool-1 - Shutdown completed.
2025-05-23T12:09:21.739-06:00  INFO 2936 --- [coffee-shop] [main] c.c.s.controller.CoffeeControllerTest    : Starting CoffeeControllerTest using Java 22.0.2 with PID 2936 (started by Ruben in C:\Users\Ruben\Documents\VSCode\coffee-shop)
2025-05-23T12:09:21.748-06:00  INFO 2936 --- [coffee-shop] [main] c.c.s.controller.CoffeeControllerTest    : No active profile set, falling back to 1 default profile: "default"
2025-05-23T12:09:28.814-06:00  INFO 2936 --- [coffee-shop] [main] .s.d.r.c.RepositoryConfigurationDelegate : Multiple Spring Data modules found, entering strict repository configuration mode
2025-05-23T12:09:28.824-06:00  INFO 2936 --- [coffee-shop] [main] .s.d.r.c.RepositoryConfigurationDelegate : Bootstrapping Spring Data JPA repositories in DEFAULT mode.
2025-05-23T12:09:29.779-06:00  INFO 2936 --- [coffee-shop] [main] .s.d.r.c.RepositoryConfigurationDelegate : Finished Spring Data repository scanning in 911 ms. Found 1 JPA repository interface.
2025-05-23T12:09:29.925-06:00  INFO 2936 --- [coffee-shop] [main] .s.d.r.c.RepositoryConfigurationDelegate : Multiple Spring Data modules found, entering strict repository configuration mode
2025-05-23T12:09:29.931-06:00  INFO 2936 --- [coffee-shop] [main] .s.d.r.c.RepositoryConfigurationDelegate : Bootstrapping Spring Data Redis repositories in DEFAULT mode.
2025-05-23T12:09:30.036-06:00  INFO 2936 --- [coffee-shop] [main] .RepositoryConfigurationExtensionSupport : Spring Data Redis - Could not safely identify store assignment for repository candidate interface com.coffee.shop.repository.CoffeeRepository; If you want this repository to be a Redis repository, consider annotating your entities with one of these annotations: org.springframework.data.redis.core.RedisHash (preferred), or consider extending one of the following types with your repository: org.springframework.data.keyvalue.repository.KeyValueRepository
2025-05-23T12:09:30.039-06:00  INFO 2936 --- [coffee-shop] [main] .s.d.r.c.RepositoryConfigurationDelegate : Finished Spring Data repository scanning in 46 ms. Found 0 Redis repository interfaces.
2025-05-23T12:09:34.630-06:00  INFO 2936 --- [coffee-shop] [main] o.hibernate.jpa.internal.util.LogHelper  : HHH000204: Processing PersistenceUnitInfo [name: default]
2025-05-23T12:09:35.062-06:00  INFO 2936 --- [coffee-shop] [main] org.hibernate.Version                    : HHH000412: Hibernate ORM core version 6.6.13.Final
2025-05-23T12:09:35.413-06:00  INFO 2936 --- [coffee-shop] [main] o.h.c.internal.RegionFactoryInitiator    : HHH000026: Second-level cache disabled
2025-05-23T12:09:37.278-06:00  INFO 2936 --- [coffee-shop] [main] o.s.o.j.p.SpringPersistenceUnitInfo      : No LoadTimeWeaver setup: ignoring JPA class transformer
2025-05-23T12:09:37.434-06:00  INFO 2936 --- [coffee-shop] [main] com.zaxxer.hikari.HikariDataSource       : HikariPool-1 - Starting...
2025-05-23T12:09:38.927-06:00  INFO 2936 --- [coffee-shop] [main] com.zaxxer.hikari.pool.HikariPool        : HikariPool-1 - Added connection com.mysql.cj.jdbc.ConnectionImpl@2f29e630
2025-05-23T12:09:38.941-06:00  INFO 2936 --- [coffee-shop] [main] com.zaxxer.hikari.HikariDataSource       : HikariPool-1 - Start completed.
2025-05-23T12:09:39.371-06:00  WARN 2936 --- [coffee-shop] [main] org.hibernate.orm.deprecation            : HHH90000025: MySQLDialect does not need to be specified explicitly using 'hibernate.dialect' (remove the property setting and it will be selected by default)
2025-05-23T12:09:39.785-06:00  INFO 2936 --- [coffee-shop] [main] org.hibernate.orm.connections.pooling    : HHH10001005: Database info:
	Database JDBC URL [Connecting through datasource 'HikariDataSource (HikariPool-1)']
	Database driver: undefined/unknown
	Database version: 8.0.39
	Autocommit mode: undefined/unknown
	Isolation level: undefined/unknown
	Minimum pool size: undefined/unknown
	Maximum pool size: undefined/unknown
2025-05-23T12:09:43.011-06:00  INFO 2936 --- [coffee-shop] [main] o.h.e.t.j.p.i.JtaPlatformInitiator       : HHH000489: No JTA platform available (set 'hibernate.transaction.jta.platform' to enable JTA platform integration)
2025-05-23T12:09:43.265-06:00  INFO 2936 --- [coffee-shop] [main] j.LocalContainerEntityManagerFactoryBean : Initialized JPA EntityManagerFactory for persistence unit 'default'
2025-05-23T12:09:48.963-06:00  WARN 2936 --- [coffee-shop] [main] JpaBaseConfiguration$JpaWebConfiguration : spring.jpa.open-in-view is enabled by default. Therefore, database queries may be performed during view rendering. Explicitly configure spring.jpa.open-in-view to disable this warning
2025-05-23T12:09:56.765-06:00  INFO 2936 --- [coffee-shop] [main] o.s.b.t.m.w.SpringBootMockServletContext : Initializing Spring TestDispatcherServlet ''
2025-05-23T12:09:56.767-06:00  INFO 2936 --- [coffee-shop] [main] o.s.t.web.servlet.TestDispatcherServlet  : Initializing Servlet ''
2025-05-23T12:09:56.813-06:00  INFO 2936 --- [coffee-shop] [main] o.s.b.a.e.web.EndpointLinksResolver      : Exposing 15 endpoints beneath base path '/actuator'
2025-05-23T12:09:56.981-06:00  INFO 2936 --- [coffee-shop] [main] o.s.t.web.servlet.TestDispatcherServlet  : Completed initialization in 212 ms
2025-05-23T12:09:57.462-06:00  INFO 2936 --- [coffee-shop] [main] c.c.s.controller.CoffeeControllerTest    : Started CoffeeControllerTest in 38.164 seconds (process running for 44.727)
2025-05-23T12:10:00.200-06:00  WARN 2936 --- [coffee-shop] [main] com.coffee.shop.service.CoffeeService    : Clearing coffees cache
2025-05-23T12:10:03.611-06:00 DEBUG 2936 --- [coffee-shop] [main] org.hibernate.SQL                        : 
    /* insert for
        com.coffee.shop.model.Coffee */insert 
    into
        coffee (description, name, price) 
    values
        (?, ?, ?)
2025-05-23T12:10:03.907-06:00  INFO 2936 --- [coffee-shop] [main] com.coffee.shop.service.CoffeeService    : Updating coffee with id: 21
2025-05-23T12:10:06.173-06:00 DEBUG 2936 --- [coffee-shop] [main] org.hibernate.SQL                        : 
    /* select
        count(*) 
    from
        Coffee x 
    WHERE
        x.id = :id */ select
            count(*) 
        from
            coffee c1_0 
        where
            c1_0.id=?
2025-05-23T12:10:06.487-06:00  INFO 2936 --- [coffee-shop] [main] com.coffee.shop.service.CoffeeService    : Fetching all coffees from the database
2025-05-23T12:10:06.562-06:00 DEBUG 2936 --- [coffee-shop] [main] org.hibernate.SQL                        : 
    /* <criteria> */ select
        c1_0.id,
        c1_0.description,
        c1_0.name,
        c1_0.price 
    from
        coffee c1_0
2025-05-23T12:10:06.868-06:00 DEBUG 2936 --- [coffee-shop] [main] org.hibernate.SQL                        : 
    /* insert for
        com.coffee.shop.model.Coffee */insert 
    into
        coffee (description, name, price) 
    values
        (?, ?, ?)
2025-05-23T12:10:07.061-06:00  INFO 2936 --- [coffee-shop] [main] com.coffee.shop.service.CoffeeService    : Deleting coffee with id: 22
2025-05-23T12:10:07.096-06:00  INFO 2936 --- [coffee-shop] [main] com.coffee.shop.service.CoffeeService    : Fetching coffee with id: 22
2025-05-23T12:10:07.098-06:00 ERROR 2936 --- [coffee-shop] [main] com.coffee.shop.service.CoffeeService    : Coffee not found with ID: 22
2025-05-23T12:10:07.272-06:00  INFO 2936 --- [coffee-shop] [main] com.coffee.shop.service.CoffeeService    : Fetching coffee with id: 99999
2025-05-23T12:10:07.279-06:00 DEBUG 2936 --- [coffee-shop] [main] org.hibernate.SQL                        : 
    select
        c1_0.id,
        c1_0.description,
        c1_0.name,
        c1_0.price 
    from
        coffee c1_0 
    where
        c1_0.id=?
2025-05-23T12:10:07.284-06:00 ERROR 2936 --- [coffee-shop] [main] com.coffee.shop.service.CoffeeService    : Coffee not found with ID: 99999
2025-05-23T12:10:07.320-06:00  INFO 2936 --- [coffee-shop] [main] com.coffee.shop.service.CoffeeService    : Clearing all coffees cache
2025-05-23T12:10:07.370-06:00 DEBUG 2936 --- [coffee-shop] [main] org.hibernate.SQL                        : 
    /* insert for
        com.coffee.shop.model.Coffee */insert 
    into
        coffee (description, name, price) 
    values
        (?, ?, ?)
2025-05-23T12:10:07.548-06:00  INFO 2936 --- [coffee-shop] [main] com.coffee.shop.service.CoffeeService    : Fetching coffee with id: 23
2025-05-23T12:10:07.673-06:00  INFO 2936 --- [coffee-shop] [main] com.coffee.shop.service.CoffeeService    : Creating new coffee: CoffeeRequest[name=Latte, description=Espresso with steamed milk, price=3.5]
2025-05-23T12:10:07.687-06:00 DEBUG 2936 --- [coffee-shop] [main] org.hibernate.SQL                        : 
    /* insert for
        com.coffee.shop.model.Coffee */insert 
    into
        coffee (description, name, price) 
    values
        (?, ?, ?)
2025-05-23T12:10:10.232-06:00  INFO 2936 --- [coffee-shop] [main] com.coffee.shop.service.CoffeeService    : Updating coffee with id: 1
2025-05-23T12:10:10.258-06:00 ERROR 2936 --- [coffee-shop] [main] com.coffee.shop.service.CoffeeService    : Coffee not found with ID: 1
2025-05-23T12:10:10.387-06:00  INFO 2936 --- [coffee-shop] [main] com.coffee.shop.service.CoffeeService    : Fetching coffee with id: 1
2025-05-23T12:10:10.472-06:00  INFO 2936 --- [coffee-shop] [main] com.coffee.shop.service.CoffeeService    : Updating coffee with id: 1
2025-05-23T12:10:10.570-06:00  INFO 2936 --- [coffee-shop] [main] com.coffee.shop.service.CoffeeService    : Creating new coffee: CoffeeRequest[name=null, description=null, price=0.0]
2025-05-23T12:10:10.636-06:00  INFO 2936 --- [coffee-shop] [main] com.coffee.shop.service.CoffeeService    : Deleting coffee with id: 1
2025-05-23T12:10:10.752-06:00  INFO 2936 --- [coffee-shop] [main] com.coffee.shop.service.CoffeeService    : Clearing all coffees cache
2025-05-23T12:10:10.793-06:00  WARN 2936 --- [coffee-shop] [main] com.coffee.shop.service.CoffeeService    : Clearing coffees cache
2025-05-23T12:10:10.916-06:00  INFO 2936 --- [coffee-shop] [main] com.coffee.shop.service.CoffeeService    : Fetching coffee with id: 1
2025-05-23T12:10:10.919-06:00 ERROR 2936 --- [coffee-shop] [main] com.coffee.shop.service.CoffeeService    : Coffee not found with ID: 1
2025-05-23T12:10:10.995-06:00  INFO 2936 --- [coffee-shop] [main] com.coffee.shop.service.CoffeeService    : Deleting coffee with id: 1
2025-05-23T12:10:10.996-06:00 ERROR 2936 --- [coffee-shop] [main] com.coffee.shop.service.CoffeeService    : Coffee not found with ID: 1
2025-05-23T12:10:11.042-06:00  INFO 2936 --- [coffee-shop] [main] com.coffee.shop.service.CoffeeService    : Fetching all coffees from the database
2025-05-23T12:10:12.222-06:00  INFO 2936 --- [coffee-shop] [SpringApplicationShutdownHook] j.LocalContainerEntityManagerFactoryBean : Closing JPA EntityManagerFactory for persistence unit 'default'
2025-05-23T12:10:12.237-06:00  INFO 2936 --- [coffee-shop] [SpringApplicationShutdownHook] com.zaxxer.hikari.HikariDataSource       : HikariPool-1 - Shutdown initiated...
2025-05-23T12:10:12.338-06:00  INFO 2936 --- [coffee-shop] [SpringApplicationShutdownHook] com.zaxxer.hikari.HikariDataSource       : HikariPool-1 - Shutdown completed.
